<?xml version="1.0" encoding="UTF-8"?>
<!-- Generated by org.testng.reporters.JUnitReportReporter -->
<testsuite hostname="Intel" failures="0" tests="3" name="aug10.ArrayListDemo" time="0.026" errors="0" timestamp="2021-08-11T18:32:33 IST" skipped="0">
  <testcase classname="aug10.ArrayListDemo" name="sendEmail" time="0.018"/>
  <system-out>
    <![CDATA[-----
-----]]>
  </system-out>
  <testcase classname="aug10.ArrayListDemo" name="sendEmail" time="0.004"/>
  <system-out>
    <![CDATA[-----
-----]]>
  </system-out>
  <testcase classname="aug10.ArrayListDemo" name="sendEmail" time="0.004"/>
  <system-out>
    <![CDATA[-----
-----]]>
  </system-out>
</testsuite> <!-- aug10.ArrayListDemo -->
