<?xml version="1.0" encoding="UTF-8"?>
<!-- Generated by org.testng.reporters.JUnitReportReporter -->
<testsuite hostname="Intel" failures="0" tests="3" name="aug10.PriorityOrder" time="0.029" errors="0" timestamp="2021-08-11T18:12:49 IST" skipped="0">
  <testcase classname="aug10.PriorityOrder" name="TestB" time="0.019"/>
  <system-out>
    <![CDATA[Test B]]>
  </system-out>
  <testcase classname="aug10.PriorityOrder" name="TestC" time="0.005"/>
  <system-out>
    <![CDATA[Test C]]>
  </system-out>
  <testcase classname="aug10.PriorityOrder" name="TestA" time="0.005"/>
  <system-out>
    <![CDATA[Test A]]>
  </system-out>
</testsuite> <!-- aug10.PriorityOrder -->
