<?xml version="1.0" encoding="UTF-8"?>
<!-- Generated by org.testng.reporters.JUnitReportReporter -->
<testsuite hostname="Intel" failures="0" tests="3" name="aug11.Class1" time="0.051" errors="0" timestamp="2021-08-11T19:58:56 IST" skipped="0">
  <testcase classname="aug11.Class1" name="testB" time="0.013"/>
  <system-out>
    <![CDATA[testB]]>
  </system-out>
  <testcase classname="aug11.Class1" name="testA" time="0.025"/>
  <system-out>
    <![CDATA[testA]]>
  </system-out>
  <testcase classname="aug11.Class1" name="testB" time="0.013"/>
  <system-out>
    <![CDATA[testB]]>
  </system-out>
</testsuite> <!-- aug11.Class1 -->
