<?xml version="1.0" encoding="UTF-8"?>
<!-- Generated by org.testng.reporters.JUnitReportReporter -->
<testsuite hostname="Intel" failures="0" tests="1" name="aug11.SubofBaseTest2" time="0.010" errors="0" timestamp="2021-08-11T20:09:03 IST" skipped="0">
  <testcase classname="aug11.SubofBaseTest2" name="test2" time="0.010"/>
  <system-out>
    <![CDATA[test2]]>
  </system-out>
</testsuite> <!-- aug11.SubofBaseTest2 -->
