<?xml version="1.0" encoding="UTF-8"?>
<!-- Generated by org.testng.reporters.JUnitReportReporter -->
<testsuite hostname="Intel" failures="0" tests="3" name="aug10.ObjectType" time="0.032" errors="0" timestamp="2021-08-11T18:40:26 IST" skipped="0">
  <testcase classname="aug10.ObjectType" name="sendEmail" time="0.020"/>
  <system-out>
    <![CDATA[NameAnkithID896]]>
  </system-out>
  <testcase classname="aug10.ObjectType" name="sendEmail" time="0.006"/>
  <system-out>
    <![CDATA[NameArjunID789]]>
  </system-out>
  <testcase classname="aug10.ObjectType" name="sendEmail" time="0.006"/>
  <system-out>
    <![CDATA[NameAnilID123]]>
  </system-out>
</testsuite> <!-- aug10.ObjectType -->
