<?xml version="1.0" encoding="UTF-8"?>
<!-- Generated by org.testng.reporters.JUnitReportReporter -->
<testsuite hostname="Intel" failures="0" tests="3" name="aug10.MultipleSetofData" time="0.026" errors="0" timestamp="2021-08-11T18:20:59 IST" skipped="0">
  <testcase classname="aug10.MultipleSetofData" name="sendEmail" time="0.017"/>
  <system-out>
    <![CDATA[To Bhanu
Click Send]]>
  </system-out>
  <testcase classname="aug10.MultipleSetofData" name="sendEmail" time="0.004"/>
  <system-out>
    <![CDATA[To Ankith
Click Send]]>
  </system-out>
  <testcase classname="aug10.MultipleSetofData" name="sendEmail" time="0.005"/>
  <system-out>
    <![CDATA[To Prakash
Click Send]]>
  </system-out>
</testsuite> <!-- aug10.MultipleSetofData -->
