<?xml version="1.0" encoding="UTF-8"?>
<!-- Generated by org.testng.reporters.JUnitReportReporter -->
<testsuite hostname="Intel" failures="0" tests="1" name="aug12.RemoteAccessDemo" time="21.917" errors="0" timestamp="2021-08-12T20:28:46 IST" skipped="0">
  <testcase classname="aug12.RemoteAccessDemo" name="testA" time="21.917"/>
  <system-out>
    <![CDATA[Google]]>
  </system-out>
</testsuite> <!-- aug12.RemoteAccessDemo -->
