<?xml version="1.0" encoding="UTF-8"?>
<!-- Generated by org.testng.reporters.JUnitReportReporter -->
<testsuite hostname="Intel" failures="0" tests="1" name="p2Aug10.Demo3" time="0.023" errors="0" timestamp="2021-08-11T18:44:28 IST" skipped="0">
  <testcase classname="p2Aug10.Demo3" name="TestC1" time="0.023"/>
  <system-out>
    <![CDATA[Test C1]]>
  </system-out>
</testsuite> <!-- p2Aug10.Demo3 -->
