<?xml version="1.0" encoding="UTF-8"?>
<!-- Generated by org.testng.reporters.JUnitReportReporter -->
<testsuite hostname="Intel" failures="0" tests="2" name="aug10.Collections" time="0.022" errors="0" timestamp="2021-08-11T18:29:23 IST" skipped="0">
  <testcase classname="aug10.Collections" name="sendEmail" time="0.017"/>
  <system-out>
    <![CDATA[-----
A1
A2
A3
-----]]>
  </system-out>
  <testcase classname="aug10.Collections" name="sendEmail" time="0.005"/>
  <system-out>
    <![CDATA[-----
B1
B2
B3
-----]]>
  </system-out>
</testsuite> <!-- aug10.Collections -->
