<?xml version="1.0" encoding="UTF-8"?>
<!-- Generated by org.testng.reporters.JUnitReportReporter -->
<testsuite hostname="Intel" failures="0" tests="1" name="aug11.SubofBaseTest1" time="0.025" errors="0" timestamp="2021-08-11T20:09:03 IST" skipped="0">
  <testcase classname="aug11.SubofBaseTest1" name="test1" time="0.025"/>
  <system-out>
    <![CDATA[test1]]>
  </system-out>
</testsuite> <!-- aug11.SubofBaseTest1 -->
