<?xml version="1.0" encoding="UTF-8"?>
<!-- Generated by org.testng.reporters.JUnitReportReporter -->
<testsuite hostname="Intel" failures="0" tests="2" name="aug10.Array2Dimentional" time="0.022" errors="0" timestamp="2021-08-11T18:27:22 IST" skipped="0">
  <testcase classname="aug10.Array2Dimentional" name="sendEmail" time="0.019"/>
  <system-out>
    <![CDATA[To Banu Subject Ram ID Manu]]>
  </system-out>
  <testcase classname="aug10.Array2Dimentional" name="sendEmail" time="0.003"/>
  <system-out>
    <![CDATA[To Arun Subject Anil ID Bye]]>
  </system-out>
</testsuite> <!-- aug10.Array2Dimentional -->
