<?xml version="1.0" encoding="UTF-8"?>
<!-- Generated by org.testng.reporters.JUnitReportReporter -->
<testsuite hostname="Intel" failures="0" tests="5" name="aug10.MultipleTimesCallingMethod" time="0.057" errors="0" timestamp="2021-08-11T18:17:36 IST" skipped="0">
  <testcase classname="aug10.MultipleTimesCallingMethod" name="TestA" time="0.009"/>
  <system-out>
    <![CDATA[Test A]]>
  </system-out>
  <testcase classname="aug10.MultipleTimesCallingMethod" name="TestA" time="0.008"/>
  <system-out>
    <![CDATA[Test A]]>
  </system-out>
  <testcase classname="aug10.MultipleTimesCallingMethod" name="TestA" time="0.005"/>
  <system-out>
    <![CDATA[Test A]]>
  </system-out>
  <testcase classname="aug10.MultipleTimesCallingMethod" name="TestA" time="0.004"/>
  <system-out>
    <![CDATA[Test A]]>
  </system-out>
  <testcase classname="aug10.MultipleTimesCallingMethod" name="TestA" time="0.031"/>
  <system-out>
    <![CDATA[Test A]]>
  </system-out>
</testsuite> <!-- aug10.MultipleTimesCallingMethod -->
