<?xml version="1.0" encoding="UTF-8"?>
<!-- Generated by org.testng.reporters.JUnitReportReporter -->
<testsuite hostname="Intel" failures="0" tests="1" name="aug10.Demo1" time="0.019" errors="0" timestamp="2021-08-11T18:05:23 IST" skipped="0">
  <testcase classname="aug10.Demo1" name="TestA" time="0.019"/>
  <system-out>
    <![CDATA[My Test Demo1 Hi
My Test Demo1 Bye
My Test Demo1 Tata]]>
  </system-out>
</testsuite> <!-- aug10.Demo1 -->
